<?xml version="1.0" encoding="UTF-8"?>
<testng-results ignored="0" total="1" passed="1" failed="0" skipped="0">
  <reporter-output>
  </reporter-output>
  <suite started-at="2026-01-15T08:51:04 IST" name="Default suite" finished-at="2026-01-15T08:53:14 IST" duration-ms="130380">
    <groups>
      <group name="Sanity">
        <method signature="TC_001.LE_001()[pri:0, instance:testCaseRepo.TC_001@65e98b1c]" name="LE_001" class="testCaseRepo.TC_001"/>
      </group> <!-- Sanity -->
      <group name="Regression">
        <method signature="TC_001.LE_001()[pri:0, instance:testCaseRepo.TC_001@65e98b1c]" name="LE_001" class="testCaseRepo.TC_001"/>
      </group> <!-- Regression -->
    </groups>
    <test started-at="2026-01-15T08:51:04 IST" name="Default test" finished-at="2026-01-15T08:53:14 IST" duration-ms="130380">
      <class name="testCaseRepo.TC_001">
        <test-method is-config="true" signature="createDbConnection()[pri:0, instance:testCaseRepo.TC_001@65e98b1c]" started-at="2026-01-15T08:51:04 IST" name="createDbConnection" finished-at="2026-01-15T08:51:04 IST" duration-ms="14" status="PASS">
          <reporter-output>
          </reporter-output>
        </test-method> <!-- createDbConnection -->
        <test-method is-config="true" signature="launchBrowser(java.lang.String)[pri:0, instance:testCaseRepo.TC_001@65e98b1c]" started-at="2026-01-15T08:51:04 IST" name="launchBrowser" finished-at="2026-01-15T08:51:28 IST" duration-ms="24284" status="PASS">
          <params>
            <param index="0">
              <value>
                <![CDATA[chrome]]>
              </value>
            </param>
          </params>
          <reporter-output>
          </reporter-output>
        </test-method> <!-- launchBrowser -->
        <test-method is-config="true" signature="loginOpr()[pri:0, instance:testCaseRepo.TC_001@65e98b1c]" started-at="2026-01-15T08:51:28 IST" name="loginOpr" finished-at="2026-01-15T08:51:53 IST" duration-ms="24278" status="PASS">
          <reporter-output>
          </reporter-output>
        </test-method> <!-- loginOpr -->
        <test-method signature="LE_001()[pri:0, instance:testCaseRepo.TC_001@65e98b1c]" started-at="2026-01-15T08:51:53 IST" name="LE_001" finished-at="2026-01-15T08:53:08 IST" duration-ms="75228" status="PASS">
          <reporter-output>
          </reporter-output>
        </test-method> <!-- LE_001 -->
        <test-method is-config="true" signature="logoutopr()[pri:0, instance:testCaseRepo.TC_001@65e98b1c]" started-at="2026-01-15T08:53:08 IST" name="logoutopr" finished-at="2026-01-15T08:53:14 IST" duration-ms="5578" status="PASS">
          <reporter-output>
          </reporter-output>
        </test-method> <!-- logoutopr -->
        <test-method is-config="true" signature="closeBrowser()[pri:0, instance:testCaseRepo.TC_001@65e98b1c]" started-at="2026-01-15T08:53:14 IST" name="closeBrowser" finished-at="2026-01-15T08:53:14 IST" duration-ms="463" status="PASS">
          <reporter-output>
          </reporter-output>
        </test-method> <!-- closeBrowser -->
        <test-method is-config="true" signature="closeDbConnection()[pri:0, instance:testCaseRepo.TC_001@65e98b1c]" started-at="2026-01-15T08:53:15 IST" name="closeDbConnection" finished-at="2026-01-15T08:53:15 IST" duration-ms="2" status="PASS">
          <reporter-output>
          </reporter-output>
        </test-method> <!-- closeDbConnection -->
      </class> <!-- testCaseRepo.TC_001 -->
    </test> <!-- Default test -->
  </suite> <!-- Default suite -->
</testng-results>
