<?xml version="1.0" encoding="UTF-8"?>
<testng-results ignored="0" total="1" passed="1" failed="0" skipped="0">
  <reporter-output>
  </reporter-output>
  <suite started-at="2026-01-22T10:00:36 IST" name="Default suite" finished-at="2026-01-22T10:01:13 IST" duration-ms="37231">
    <groups>
      <group name="Sanity">
        <method signature="TC_001.LE_001()[pri:0, instance:testCaseRepo.TC_001@65e98b1c]" name="LE_001" class="testCaseRepo.TC_001"/>
      </group> <!-- Sanity -->
      <group name="Regression">
        <method signature="TC_001.LE_001()[pri:0, instance:testCaseRepo.TC_001@65e98b1c]" name="LE_001" class="testCaseRepo.TC_001"/>
      </group> <!-- Regression -->
    </groups>
    <test started-at="2026-01-22T10:00:36 IST" name="Default test" finished-at="2026-01-22T10:01:13 IST" duration-ms="37231">
      <class name="testCaseRepo.TC_001">
        <test-method is-config="true" signature="createDbConnection()[pri:0, instance:testCaseRepo.TC_001@65e98b1c]" started-at="2026-01-22T10:00:36 IST" name="createDbConnection" finished-at="2026-01-22T10:00:36 IST" duration-ms="16" status="PASS">
          <reporter-output>
          </reporter-output>
        </test-method> <!-- createDbConnection -->
        <test-method is-config="true" signature="launchBrowser(java.lang.String)[pri:0, instance:testCaseRepo.TC_001@65e98b1c]" started-at="2026-01-22T10:00:36 IST" name="launchBrowser" finished-at="2026-01-22T10:00:40 IST" duration-ms="3911" status="PASS">
          <params>
            <param index="0">
              <value>
                <![CDATA[chrome]]>
              </value>
            </param>
          </params>
          <reporter-output>
          </reporter-output>
        </test-method> <!-- launchBrowser -->
        <test-method is-config="true" signature="loginOpr()[pri:0, instance:testCaseRepo.TC_001@65e98b1c]" started-at="2026-01-22T10:00:40 IST" name="loginOpr" finished-at="2026-01-22T10:00:46 IST" duration-ms="5658" status="PASS">
          <reporter-output>
          </reporter-output>
        </test-method> <!-- loginOpr -->
        <test-method signature="LE_001()[pri:0, instance:testCaseRepo.TC_001@65e98b1c]" started-at="2026-01-22T10:00:46 IST" name="LE_001" finished-at="2026-01-22T10:01:10 IST" duration-ms="23999" status="PASS">
          <reporter-output>
          </reporter-output>
        </test-method> <!-- LE_001 -->
        <test-method is-config="true" signature="logoutopr()[pri:0, instance:testCaseRepo.TC_001@65e98b1c]" started-at="2026-01-22T10:01:10 IST" name="logoutopr" finished-at="2026-01-22T10:01:13 IST" duration-ms="2858" status="PASS">
          <reporter-output>
          </reporter-output>
        </test-method> <!-- logoutopr -->
        <test-method is-config="true" signature="closeBrowser()[pri:0, instance:testCaseRepo.TC_001@65e98b1c]" started-at="2026-01-22T10:01:13 IST" name="closeBrowser" finished-at="2026-01-22T10:01:13 IST" duration-ms="338" status="PASS">
          <reporter-output>
          </reporter-output>
        </test-method> <!-- closeBrowser -->
        <test-method is-config="true" signature="closeDbConnection()[pri:0, instance:testCaseRepo.TC_001@65e98b1c]" started-at="2026-01-22T10:01:14 IST" name="closeDbConnection" finished-at="2026-01-22T10:01:14 IST" duration-ms="1" status="PASS">
          <reporter-output>
          </reporter-output>
        </test-method> <!-- closeDbConnection -->
      </class> <!-- testCaseRepo.TC_001 -->
    </test> <!-- Default test -->
  </suite> <!-- Default suite -->
</testng-results>
