<?xml version="1.0" encoding="UTF-8"?>
<!-- Generated by org.testng.reporters.JUnitReportReporter -->
<testsuite hostname="Firestone-02" failures="0" tests="4" name="practice.TestNGPractice" time="0.009" errors="0" timestamp="2026-01-10T14:57:43 IST" skipped="0">
  <testcase classname="practice.TestNGPractice" name="createUser" time="0.007"/>
  <testcase classname="practice.TestNGPractice" name="modifyUser" time="0.000"/>
  <testcase classname="practice.TestNGPractice" name="modifyUser" time="0.002"/>
  <testcase classname="practice.TestNGPractice" name="deleteUser" time="0.000"/>
</testsuite> <!-- practice.TestNGPractice -->
